<?xml version="1.0" encoding="UTF-8"?>
<!-- Generated by org.testng.reporters.JUnitXMLReporter -->
<testsuite ignored="0" hostname="DESKTOP-VTBVC1P" failures="0" tests="5" name="Surefire test" time="4.844" errors="0" timestamp="2024-10-30T06:09:51 IST">
  <testcase classname="tests.TestOne" name="@BeforeMethod beforeMethod" time="0.059">
    <failure type="org.openqa.selenium.SessionNotCreatedException" message="Could not start a new session. Possible causes are invalid address of the remote server or browser start-up failure. 
Host info: host: &amp;apos;DESKTOP-VTBVC1P&amp;apos;, ip: &amp;apos;192.168.0.178&amp;apos;
Build info: version: &amp;apos;4.25.0&amp;apos;, revision: &amp;apos;8a8aea2337&amp;apos;
System info: os.name: &amp;apos;Windows 11&amp;apos;, os.arch: &amp;apos;amd64&amp;apos;, os.version: &amp;apos;10.0&amp;apos;, java.version: &amp;apos;22.0.2&amp;apos;
Driver info: org.openqa.selenium.remote.RemoteWebDriver
Command: [null, newSession {capabilities=[Capabilities {browserName: chrome}]}]
Capabilities {browserName: chrome}">
      <![CDATA[org.openqa.selenium.SessionNotCreatedException: Could not start a new session. Possible causes are invalid address of the remote server or browser start-up failure. 
Host info: host: 'DESKTOP-VTBVC1P', ip: '192.168.0.178'
Build info: version: '4.25.0', revision: '8a8aea2337'
System info: os.name: 'Windows 11', os.arch: 'amd64', os.version: '10.0', java.version: '22.0.2'
Driver info: org.openqa.selenium.remote.RemoteWebDriver
Command: [null, newSession {capabilities=[Capabilities {browserName: chrome}]}]
Capabilities {browserName: chrome}
at org.openqa.selenium.remote.RemoteWebDriver.execute(RemoteWebDriver.java:563)
at org.openqa.selenium.remote.RemoteWebDriver.startSession(RemoteWebDriver.java:245)
at org.openqa.selenium.remote.RemoteWebDriver.<init>(RemoteWebDriver.java:174)
at org.openqa.selenium.remote.RemoteWebDriver.<init>(RemoteWebDriver.java:152)
at base.Base.browserSetup(Base.java:30)
at tests.TestOne.beforeMethod(TestOne.java:19)
at java.base/java.util.ArrayList.forEach(ArrayList.java:1597)
Caused by: java.io.UncheckedIOException: java.net.ConnectException
at org.openqa.selenium.remote.http.jdk.JdkHttpClient.execute0(JdkHttpClient.java:458)
at org.openqa.selenium.remote.http.AddSeleniumUserAgent.lambda$apply$0(AddSeleniumUserAgent.java:42)
at org.openqa.selenium.remote.http.Filter.lambda$andFinally$1(Filter.java:55)
at org.openqa.selenium.remote.http.jdk.JdkHttpClient.execute(JdkHttpClient.java:374)
at org.openqa.selenium.remote.tracing.TracedHttpClient.execute(TracedHttpClient.java:54)
at org.openqa.selenium.remote.ProtocolHandshake.createSession(ProtocolHandshake.java:89)
at org.openqa.selenium.remote.ProtocolHandshake.createSession(ProtocolHandshake.java:75)
at org.openqa.selenium.remote.ProtocolHandshake.createSession(ProtocolHandshake.java:61)
at org.openqa.selenium.remote.HttpCommandExecutor.execute(HttpCommandExecutor.java:162)
at org.openqa.selenium.remote.TracedCommandExecutor.execute(TracedCommandExecutor.java:53)
at org.openqa.selenium.remote.RemoteWebDriver.execute(RemoteWebDriver.java:545)
... 40 more
Caused by: java.net.ConnectException
at java.net.http/jdk.internal.net.http.common.Utils.toConnectException(Utils.java:1065)
at java.net.http/jdk.internal.net.http.PlainHttpConnection.connectAsync(PlainHttpConnection.java:227)
at java.net.http/jdk.internal.net.http.PlainHttpConnection.checkRetryConnect(PlainHttpConnection.java:280)
at java.net.http/jdk.internal.net.http.PlainHttpConnection.lambda$connectAsync$2(PlainHttpConnection.java:238)
at java.base/java.util.concurrent.CompletableFuture.uniHandle(CompletableFuture.java:934)
at java.base/java.util.concurrent.CompletableFuture$UniHandle.tryFire(CompletableFuture.java:911)
at java.base/java.util.concurrent.CompletableFuture.postComplete(CompletableFuture.java:510)
at java.base/java.util.concurrent.CompletableFuture$AsyncSupply.run(CompletableFuture.java:1773)
at java.base/java.util.concurrent.ThreadPoolExecutor.runWorker(ThreadPoolExecutor.java:1144)
at java.base/java.util.concurrent.ThreadPoolExecutor$Worker.run(ThreadPoolExecutor.java:642)
at java.base/java.lang.Thread.run(Thread.java:1570)
Caused by: java.nio.channels.ClosedChannelException
at java.base/sun.nio.ch.SocketChannelImpl.ensureOpen(SocketChannelImpl.java:204)
at java.base/sun.nio.ch.SocketChannelImpl.beginConnect(SocketChannelImpl.java:873)
at java.base/sun.nio.ch.SocketChannelImpl.connect(SocketChannelImpl.java:961)
at java.net.http/jdk.internal.net.http.PlainHttpConnection.lambda$connectAsync$1(PlainHttpConnection.java:210)
at java.base/java.security.AccessController.doPrivileged(AccessController.java:571)
at java.net.http/jdk.internal.net.http.PlainHttpConnection.connectAsync(PlainHttpConnection.java:212)
... 9 more
... Removed 34 stack frames]]>
    </failure>
  </testcase> <!-- @BeforeMethod beforeMethod -->
  <testcase classname="tests.TestOne" name="@AfterMethod closeBrowser" time="0.0">
    <skipped/>
  </testcase> <!-- @AfterMethod closeBrowser -->
  <testcase classname="tests.TestThree" name="@BeforeMethod beforeMethod" time="0.021">
    <failure type="org.openqa.selenium.SessionNotCreatedException" message="Could not start a new session. Possible causes are invalid address of the remote server or browser start-up failure. 
Host info: host: &amp;apos;DESKTOP-VTBVC1P&amp;apos;, ip: &amp;apos;192.168.0.178&amp;apos;
Build info: version: &amp;apos;4.25.0&amp;apos;, revision: &amp;apos;8a8aea2337&amp;apos;
System info: os.name: &amp;apos;Windows 11&amp;apos;, os.arch: &amp;apos;amd64&amp;apos;, os.version: &amp;apos;10.0&amp;apos;, java.version: &amp;apos;22.0.2&amp;apos;
Driver info: org.openqa.selenium.remote.RemoteWebDriver
Command: [null, newSession {capabilities=[Capabilities {browserName: firefox}]}]
Capabilities {browserName: firefox}">
      <![CDATA[org.openqa.selenium.SessionNotCreatedException: Could not start a new session. Possible causes are invalid address of the remote server or browser start-up failure. 
Host info: host: 'DESKTOP-VTBVC1P', ip: '192.168.0.178'
Build info: version: '4.25.0', revision: '8a8aea2337'
System info: os.name: 'Windows 11', os.arch: 'amd64', os.version: '10.0', java.version: '22.0.2'
Driver info: org.openqa.selenium.remote.RemoteWebDriver
Command: [null, newSession {capabilities=[Capabilities {browserName: firefox}]}]
Capabilities {browserName: firefox}
at org.openqa.selenium.remote.RemoteWebDriver.execute(RemoteWebDriver.java:563)
at org.openqa.selenium.remote.RemoteWebDriver.startSession(RemoteWebDriver.java:245)
at org.openqa.selenium.remote.RemoteWebDriver.<init>(RemoteWebDriver.java:174)
at org.openqa.selenium.remote.RemoteWebDriver.<init>(RemoteWebDriver.java:152)
at base.Base.browserSetup(Base.java:30)
at tests.TestThree.beforeMethod(TestThree.java:18)
at java.base/java.util.ArrayList.forEach(ArrayList.java:1597)
Caused by: java.io.UncheckedIOException: java.net.ConnectException
at org.openqa.selenium.remote.http.jdk.JdkHttpClient.execute0(JdkHttpClient.java:458)
at org.openqa.selenium.remote.http.AddSeleniumUserAgent.lambda$apply$0(AddSeleniumUserAgent.java:42)
at org.openqa.selenium.remote.http.Filter.lambda$andFinally$1(Filter.java:55)
at org.openqa.selenium.remote.http.jdk.JdkHttpClient.execute(JdkHttpClient.java:374)
at org.openqa.selenium.remote.tracing.TracedHttpClient.execute(TracedHttpClient.java:54)
at org.openqa.selenium.remote.ProtocolHandshake.createSession(ProtocolHandshake.java:89)
at org.openqa.selenium.remote.ProtocolHandshake.createSession(ProtocolHandshake.java:75)
at org.openqa.selenium.remote.ProtocolHandshake.createSession(ProtocolHandshake.java:61)
at org.openqa.selenium.remote.HttpCommandExecutor.execute(HttpCommandExecutor.java:162)
at org.openqa.selenium.remote.TracedCommandExecutor.execute(TracedCommandExecutor.java:53)
at org.openqa.selenium.remote.RemoteWebDriver.execute(RemoteWebDriver.java:545)
... 40 more
Caused by: java.net.ConnectException
at java.net.http/jdk.internal.net.http.common.Utils.toConnectException(Utils.java:1065)
at java.net.http/jdk.internal.net.http.PlainHttpConnection.connectAsync(PlainHttpConnection.java:227)
at java.net.http/jdk.internal.net.http.PlainHttpConnection.checkRetryConnect(PlainHttpConnection.java:280)
at java.net.http/jdk.internal.net.http.PlainHttpConnection.lambda$connectAsync$2(PlainHttpConnection.java:238)
at java.base/java.util.concurrent.CompletableFuture.uniHandle(CompletableFuture.java:934)
at java.base/java.util.concurrent.CompletableFuture$UniHandle.tryFire(CompletableFuture.java:911)
at java.base/java.util.concurrent.CompletableFuture.postComplete(CompletableFuture.java:510)
at java.base/java.util.concurrent.CompletableFuture$AsyncSupply.run(CompletableFuture.java:1773)
at java.base/java.util.concurrent.ThreadPoolExecutor.runWorker(ThreadPoolExecutor.java:1144)
at java.base/java.util.concurrent.ThreadPoolExecutor$Worker.run(ThreadPoolExecutor.java:642)
at java.base/java.lang.Thread.run(Thread.java:1570)
Caused by: java.nio.channels.ClosedChannelException
at java.base/sun.nio.ch.SocketChannelImpl.ensureOpen(SocketChannelImpl.java:204)
at java.base/sun.nio.ch.SocketChannelImpl.beginConnect(SocketChannelImpl.java:873)
at java.base/sun.nio.ch.SocketChannelImpl.connect(SocketChannelImpl.java:961)
at java.net.http/jdk.internal.net.http.PlainHttpConnection.lambda$connectAsync$1(PlainHttpConnection.java:210)
at java.base/java.security.AccessController.doPrivileged(AccessController.java:571)
at java.net.http/jdk.internal.net.http.PlainHttpConnection.connectAsync(PlainHttpConnection.java:212)
... 9 more
... Removed 34 stack frames]]>
    </failure>
  </testcase> <!-- @BeforeMethod beforeMethod -->
  <testcase classname="tests.TestThree" name="@AfterMethod closeBrowser" time="0.0">
    <skipped/>
  </testcase> <!-- @AfterMethod closeBrowser -->
  <testcase classname="tests.TestTwo" name="@BeforeMethod beforeMethod" time="0.009">
    <failure type="org.openqa.selenium.SessionNotCreatedException" message="Could not start a new session. Possible causes are invalid address of the remote server or browser start-up failure. 
Host info: host: &amp;apos;DESKTOP-VTBVC1P&amp;apos;, ip: &amp;apos;192.168.0.178&amp;apos;
Build info: version: &amp;apos;4.25.0&amp;apos;, revision: &amp;apos;8a8aea2337&amp;apos;
System info: os.name: &amp;apos;Windows 11&amp;apos;, os.arch: &amp;apos;amd64&amp;apos;, os.version: &amp;apos;10.0&amp;apos;, java.version: &amp;apos;22.0.2&amp;apos;
Driver info: org.openqa.selenium.remote.RemoteWebDriver
Command: [null, newSession {capabilities=[Capabilities {browserName: edge}]}]
Capabilities {browserName: edge}">
      <![CDATA[org.openqa.selenium.SessionNotCreatedException: Could not start a new session. Possible causes are invalid address of the remote server or browser start-up failure. 
Host info: host: 'DESKTOP-VTBVC1P', ip: '192.168.0.178'
Build info: version: '4.25.0', revision: '8a8aea2337'
System info: os.name: 'Windows 11', os.arch: 'amd64', os.version: '10.0', java.version: '22.0.2'
Driver info: org.openqa.selenium.remote.RemoteWebDriver
Command: [null, newSession {capabilities=[Capabilities {browserName: edge}]}]
Capabilities {browserName: edge}
at org.openqa.selenium.remote.RemoteWebDriver.execute(RemoteWebDriver.java:563)
at org.openqa.selenium.remote.RemoteWebDriver.startSession(RemoteWebDriver.java:245)
at org.openqa.selenium.remote.RemoteWebDriver.<init>(RemoteWebDriver.java:174)
at org.openqa.selenium.remote.RemoteWebDriver.<init>(RemoteWebDriver.java:152)
at base.Base.browserSetup(Base.java:30)
at tests.TestTwo.beforeMethod(TestTwo.java:18)
at java.base/java.util.ArrayList.forEach(ArrayList.java:1597)
Caused by: java.io.UncheckedIOException: java.net.ConnectException
at org.openqa.selenium.remote.http.jdk.JdkHttpClient.execute0(JdkHttpClient.java:458)
at org.openqa.selenium.remote.http.AddSeleniumUserAgent.lambda$apply$0(AddSeleniumUserAgent.java:42)
at org.openqa.selenium.remote.http.Filter.lambda$andFinally$1(Filter.java:55)
at org.openqa.selenium.remote.http.jdk.JdkHttpClient.execute(JdkHttpClient.java:374)
at org.openqa.selenium.remote.tracing.TracedHttpClient.execute(TracedHttpClient.java:54)
at org.openqa.selenium.remote.ProtocolHandshake.createSession(ProtocolHandshake.java:89)
at org.openqa.selenium.remote.ProtocolHandshake.createSession(ProtocolHandshake.java:75)
at org.openqa.selenium.remote.ProtocolHandshake.createSession(ProtocolHandshake.java:61)
at org.openqa.selenium.remote.HttpCommandExecutor.execute(HttpCommandExecutor.java:162)
at org.openqa.selenium.remote.TracedCommandExecutor.execute(TracedCommandExecutor.java:53)
at org.openqa.selenium.remote.RemoteWebDriver.execute(RemoteWebDriver.java:545)
... 40 more
Caused by: java.net.ConnectException
at java.net.http/jdk.internal.net.http.common.Utils.toConnectException(Utils.java:1065)
at java.net.http/jdk.internal.net.http.PlainHttpConnection.connectAsync(PlainHttpConnection.java:227)
at java.net.http/jdk.internal.net.http.PlainHttpConnection.checkRetryConnect(PlainHttpConnection.java:280)
at java.net.http/jdk.internal.net.http.PlainHttpConnection.lambda$connectAsync$2(PlainHttpConnection.java:238)
at java.base/java.util.concurrent.CompletableFuture.uniHandle(CompletableFuture.java:934)
at java.base/java.util.concurrent.CompletableFuture$UniHandle.tryFire(CompletableFuture.java:911)
at java.base/java.util.concurrent.CompletableFuture.postComplete(CompletableFuture.java:510)
at java.base/java.util.concurrent.CompletableFuture$AsyncSupply.run(CompletableFuture.java:1773)
at java.base/java.util.concurrent.ThreadPoolExecutor.runWorker(ThreadPoolExecutor.java:1144)
at java.base/java.util.concurrent.ThreadPoolExecutor$Worker.run(ThreadPoolExecutor.java:642)
at java.base/java.lang.Thread.run(Thread.java:1570)
Caused by: java.nio.channels.ClosedChannelException
at java.base/sun.nio.ch.SocketChannelImpl.ensureOpen(SocketChannelImpl.java:204)
at java.base/sun.nio.ch.SocketChannelImpl.beginConnect(SocketChannelImpl.java:873)
at java.base/sun.nio.ch.SocketChannelImpl.connect(SocketChannelImpl.java:961)
at java.net.http/jdk.internal.net.http.PlainHttpConnection.lambda$connectAsync$1(PlainHttpConnection.java:210)
at java.base/java.security.AccessController.doPrivileged(AccessController.java:571)
at java.net.http/jdk.internal.net.http.PlainHttpConnection.connectAsync(PlainHttpConnection.java:212)
... 9 more
... Removed 34 stack frames]]>
    </failure>
  </testcase> <!-- @BeforeMethod beforeMethod -->
  <testcase classname="tests.TestTwo" name="@AfterMethod closeBrowser" time="0.0">
    <skipped/>
  </testcase> <!-- @AfterMethod closeBrowser -->
  <testcase classname="NewTest" name="verifyGmailLink" time="0.034"/>
  <testcase classname="NewTest" name="verifyTitle" time="0.011"/>
  <testcase classname="tests.TestOne" name="chromeTest" time="0.0">
    <skipped/>
  </testcase> <!-- chromeTest -->
  <testcase classname="tests.TestThree" name="firefoxTest" time="0.0">
    <skipped/>
  </testcase> <!-- firefoxTest -->
  <testcase classname="tests.TestTwo" name="edgeTest" time="0.0">
    <skipped/>
  </testcase> <!-- edgeTest -->
</testsuite> <!-- Surefire test -->
